# JRE version: OpenJDK Runtime Environment (8.0_212-b04) (build 1.8.0_212-release-1586-b04)
# Java VM: OpenJDK 64-Bit Server VM (25.212-b04 mixed mode windows-amd64 compressed oops)
Heap:
 PSYoungGen      total 115200K, used 42376K [0x00000000e0000000, 0x00000000ea080000, 0x0000000100000000)
  eden space 103424K, 40% used [0x00000000e0000000,0x00000000e29621e0,0x00000000e6500000)
  from space 11776K, 0% used [0x00000000e6500000,0x00000000e6500000,0x00000000e7080000)
  to   space 12288K, 0% used [0x00000000e9480000,0x00000000e9480000,0x00000000ea080000)
 ParOldGen       total 93184K, used 16993K [0x00000000a0000000, 0x00000000a5b00000, 0x00000000e0000000)
  object space 93184K, 18% used [0x00000000a0000000,0x00000000a10987b8,0x00000000a5b00000)
 Metaspace       used 40030K, capacity 40978K, committed 41344K, reserved 1085440K
  class space    used 5419K, capacity 5697K, committed 5760K, reserved 1048576K
GC Heap History (10 events):
Event: 5.449 GC heap before
{Heap before GC invocations=7 (full 1):
 PSYoungGen      total 76800K, used 8748K [0x00000000e0000000, 0x00000000e5700000, 0x0000000100000000)
  eden space 66048K, 0% used [0x00000000e0000000,0x00000000e0000000,0x00000000e4080000)
  from space 10752K, 81% used [0x00000000e4b80000,0x00000000e540b128,0x00000000e5600000)
  to   space 11264K, 0% used [0x00000000e4080000,0x00000000e4080000,0x00000000e4b80000)
 ParOldGen       total 87552K, used 7711K [0x00000000a0000000, 0x00000000a5580000, 0x00000000e0000000)
  object space 87552K, 8% used [0x00000000a0000000,0x00000000a0787e20,0x00000000a5580000)
 Metaspace       used 20737K, capacity 21186K, committed 21296K, reserved 1067008K
  class space    used 2996K, capacity 3161K, committed 3200K, reserved 1048576K
Event: 5.496 GC heap after
Heap after GC invocations=7 (full 1):
 PSYoungGen      total 76800K, used 0K [0x00000000e0000000, 0x00000000e5700000, 0x0000000100000000)
  eden space 66048K, 0% used [0x00000000e0000000,0x00000000e0000000,0x00000000e4080000)
  from space 10752K, 0% used [0x00000000e4b80000,0x00000000e4b80000,0x00000000e5600000)
  to   space 11264K, 0% used [0x00000000e4080000,0x00000000e4080000,0x00000000e4b80000)
 ParOldGen       total 60928K, used 9394K [0x00000000a0000000, 0x00000000a3b80000, 0x00000000e0000000)
  object space 60928K, 15% used [0x00000000a0000000,0x00000000a092ca38,0x00000000a3b80000)
 Metaspace       used 20737K, capacity 21186K, committed 21296K, reserved 1067008K
  class space    used 2996K, capacity 3161K, committed 3200K, reserved 1048576K
}
Event: 6.839 GC heap before
{Heap before GC invocations=8 (full 1):
 PSYoungGen      total 76800K, used 66048K [0x00000000e0000000, 0x00000000e5700000, 0x0000000100000000)
  eden space 66048K, 100% used [0x00000000e0000000,0x00000000e4080000,0x00000000e4080000)
  from space 10752K, 0% used [0x00000000e4b80000,0x00000000e4b80000,0x00000000e5600000)
  to   space 11264K, 0% used [0x00000000e4080000,0x00000000e4080000,0x00000000e4b80000)
 ParOldGen       total 60928K, used 9394K [0x00000000a0000000, 0x00000000a3b80000, 0x00000000e0000000)
  object space 60928K, 15% used [0x00000000a0000000,0x00000000a092ca38,0x00000000a3b80000)
 Metaspace       used 29158K, capacity 29694K, committed 30080K, reserved 1075200K
  class space    used 3929K, capacity 4133K, committed 4224K, reserved 1048576K
Event: 6.849 GC heap after
Heap after GC invocations=8 (full 1):
 PSYoungGen      total 77312K, used 8115K [0x00000000e0000000, 0x00000000e7b80000, 0x0000000100000000)
  eden space 66048K, 0% used [0x00000000e0000000,0x00000000e0000000,0x00000000e4080000)
  from space 11264K, 72% used [0x00000000e4080000,0x00000000e486cdd8,0x00000000e4b80000)
  to   space 11264K, 0% used [0x00000000e7080000,0x00000000e7080000,0x00000000e7b80000)
 ParOldGen       total 60928K, used 9402K [0x00000000a0000000, 0x00000000a3b80000, 0x00000000e0000000)
  object space 60928K, 15% used [0x00000000a0000000,0x00000000a092ea38,0x00000000a3b80000)
 Metaspace       used 29158K, capacity 29694K, committed 30080K, reserved 1075200K
  class space    used 3929K, capacity 4133K, committed 4224K, reserved 1048576K
}
Event: 7.722 GC heap before
{Heap before GC invocations=9 (full 1):
 PSYoungGen      total 77312K, used 74163K [0x00000000e0000000, 0x00000000e7b80000, 0x0000000100000000)
  eden space 66048K, 100% used [0x00000000e0000000,0x00000000e4080000,0x00000000e4080000)
  from space 11264K, 72% used [0x00000000e4080000,0x00000000e486cdd8,0x00000000e4b80000)
  to   space 11264K, 0% used [0x00000000e7080000,0x00000000e7080000,0x00000000e7b80000)
 ParOldGen       total 60928K, used 9402K [0x00000000a0000000, 0x00000000a3b80000, 0x00000000e0000000)
  object space 60928K, 15% used [0x00000000a0000000,0x00000000a092ea38,0x00000000a3b80000)
 Metaspace       used 32050K, capacity 32604K, committed 32768K, reserved 1077248K
  class space    used 4391K, capacity 4591K, committed 4608K, reserved 1048576K
Event: 7.734 GC heap after
Heap after GC invocations=9 (full 1):
 PSYoungGen      total 114688K, used 8213K [0x00000000e0000000, 0x00000000e7d80000, 0x0000000100000000)
  eden space 103424K, 0% used [0x00000000e0000000,0x00000000e0000000,0x00000000e6500000)
  from space 11264K, 72% used [0x00000000e7080000,0x00000000e7885580,0x00000000e7b80000)
  to   space 11776K, 0% used [0x00000000e6500000,0x00000000e6500000,0x00000000e7080000)
 ParOldGen       total 60928K, used 9410K [0x00000000a0000000, 0x00000000a3b80000, 0x00000000e0000000)
  object space 60928K, 15% used [0x00000000a0000000,0x00000000a0930a38,0x00000000a3b80000)
 Metaspace       used 32050K, capacity 32604K, committed 32768K, reserved 1077248K
  class space    used 4391K, capacity 4591K, committed 4608K, reserved 1048576K
}
Event: 9.138 GC heap before
{Heap before GC invocations=10 (full 1):
 PSYoungGen      total 114688K, used 71642K [0x00000000e0000000, 0x00000000e7d80000, 0x0000000100000000)
  eden space 103424K, 61% used [0x00000000e0000000,0x00000000e3df1398,0x00000000e6500000)
  from space 11264K, 72% used [0x00000000e7080000,0x00000000e7885580,0x00000000e7b80000)
  to   space 11776K, 0% used [0x00000000e6500000,0x00000000e6500000,0x00000000e7080000)
 ParOldGen       total 60928K, used 9410K [0x00000000a0000000, 0x00000000a3b80000, 0x00000000e0000000)
  object space 60928K, 15% used [0x00000000a0000000,0x00000000a0930a38,0x00000000a3b80000)
 Metaspace       used 34625K, capacity 35400K, committed 35456K, reserved 1079296K
  class space    used 4755K, capacity 4967K, committed 4992K, reserved 1048576K
Event: 9.162 GC heap after
Heap after GC invocations=10 (full 1):
 PSYoungGen      total 115200K, used 10168K [0x00000000e0000000, 0x00000000ea080000, 0x0000000100000000)
  eden space 103424K, 0% used [0x00000000e0000000,0x00000000e0000000,0x00000000e6500000)
  from space 11776K, 86% used [0x00000000e6500000,0x00000000e6eee2c8,0x00000000e7080000)
  to   space 12288K, 0% used [0x00000000e9480000,0x00000000e9480000,0x00000000ea080000)
 ParOldGen       total 60928K, used 9418K [0x00000000a0000000, 0x00000000a3b80000, 0x00000000e0000000)
  object space 60928K, 15% used [0x00000000a0000000,0x00000000a0932a38,0x00000000a3b80000)
 Metaspace       used 34625K, capacity 35400K, committed 35456K, reserved 1079296K
  class space    used 4755K, capacity 4967K, committed 4992K, reserved 1048576K
}
Event: 9.162 GC heap before
{Heap before GC invocations=11 (full 2):
 PSYoungGen      total 115200K, used 10168K [0x00000000e0000000, 0x00000000ea080000, 0x0000000100000000)
  eden space 103424K, 0% used [0x00000000e0000000,0x00000000e0000000,0x00000000e6500000)
  from space 11776K, 86% used [0x00000000e6500000,0x00000000e6eee2c8,0x00000000e7080000)
  to   space 12288K, 0% used [0x00000000e9480000,0x00000000e9480000,0x00000000ea080000)
 ParOldGen       total 60928K, used 9418K [0x00000000a0000000, 0x00000000a3b80000, 0x00000000e0000000)
  object space 60928K, 15% used [0x00000000a0000000,0x00000000a0932a38,0x00000000a3b80000)
 Metaspace       used 34625K, capacity 35400K, committed 35456K, reserved 1079296K
  class space    used 4755K, capacity 4967K, committed 4992K, reserved 1048576K
Event: 9.237 GC heap after
Heap after GC invocations=11 (full 2):
 PSYoungGen      total 115200K, used 0K [0x00000000e0000000, 0x00000000ea080000, 0x0000000100000000)
  eden space 103424K, 0% used [0x00000000e0000000,0x00000000e0000000,0x00000000e6500000)
  from space 11776K, 0% used [0x00000000e6500000,0x00000000e6500000,0x00000000e7080000)
  to   space 12288K, 0% used [0x00000000e9480000,0x00000000e9480000,0x00000000ea080000)
 ParOldGen       total 93184K, used 16993K [0x00000000a0000000, 0x00000000a5b00000, 0x00000000e0000000)
  object space 93184K, 18% used [0x00000000a0000000,0x00000000a10987b8,0x00000000a5b00000)
 Metaspace       used 34608K, capacity 35340K, committed 35456K, reserved 1079296K
  class space    used 4749K, capacity 4957K, committed 4992K, reserved 1048576K
}

