# JRE version: OpenJDK Runtime Environment (8.0_212-b04) (build 1.8.0_212-release-1586-b04)
# Java VM: OpenJDK 64-Bit Server VM (25.212-b04 mixed mode windows-amd64 compressed oops)
Heap:
 PSYoungGen      total 198144K, used 82709K [0x00000000e0000000, 0x00000000ee200000, 0x0000000100000000)
  eden space 181760K, 36% used [0x00000000e0000000,0x00000000e40c5ea8,0x00000000eb180000)
  from space 16384K, 99% used [0x00000000ec780000,0x00000000ed77f950,0x00000000ed780000)
  to   space 22528K, 0% used [0x00000000eb180000,0x00000000eb180000,0x00000000ec780000)
 ParOldGen       total 142336K, used 41794K [0x00000000a0000000, 0x00000000a8b00000, 0x00000000e0000000)
  object space 142336K, 29% used [0x00000000a0000000,0x00000000a28d0968,0x00000000a8b00000)
 Metaspace       used 78148K, capacity 81972K, committed 82136K, reserved 1120256K
  class space    used 10753K, capacity 11455K, committed 11480K, reserved 1048576K
GC Heap History (10 events):
Event: 14.343 GC heap before
{Heap before GC invocations=13 (full 2):
 PSYoungGen      total 139264K, used 139247K [0x00000000e0000000, 0x00000000e9a80000, 0x0000000100000000)
  eden space 126976K, 100% used [0x00000000e0000000,0x00000000e7c00000,0x00000000e7c00000)
  from space 12288K, 99% used [0x00000000e8e80000,0x00000000e9a7be48,0x00000000e9a80000)
  to   space 14336K, 0% used [0x00000000e7e80000,0x00000000e7e80000,0x00000000e8c80000)
 ParOldGen       total 96256K, used 18400K [0x00000000a0000000, 0x00000000a5e00000, 0x00000000e0000000)
  object space 96256K, 19% used [0x00000000a0000000,0x00000000a11f8350,0x00000000a5e00000)
 Metaspace       used 55354K, capacity 57114K, committed 57344K, reserved 1097728K
  class space    used 7639K, capacity 8070K, committed 8192K, reserved 1048576K
Event: 14.368 GC heap after
Heap after GC invocations=13 (full 2):
 PSYoungGen      total 143872K, used 14239K [0x00000000e0000000, 0x00000000eba80000, 0x0000000100000000)
  eden space 129536K, 0% used [0x00000000e0000000,0x00000000e0000000,0x00000000e7e80000)
  from space 14336K, 99% used [0x00000000e7e80000,0x00000000e8c67d60,0x00000000e8c80000)
  to   space 15872K, 0% used [0x00000000eab00000,0x00000000eab00000,0x00000000eba80000)
 ParOldGen       total 96256K, used 24310K [0x00000000a0000000, 0x00000000a5e00000, 0x00000000e0000000)
  object space 96256K, 25% used [0x00000000a0000000,0x00000000a17bdb98,0x00000000a5e00000)
 Metaspace       used 55354K, capacity 57114K, committed 57344K, reserved 1097728K
  class space    used 7639K, capacity 8070K, committed 8192K, reserved 1048576K
}
Event: 15.114 GC heap before
{Heap before GC invocations=14 (full 2):
 PSYoungGen      total 143872K, used 51725K [0x00000000e0000000, 0x00000000eba80000, 0x0000000100000000)
  eden space 129536K, 28% used [0x00000000e0000000,0x00000000e249ba70,0x00000000e7e80000)
  from space 14336K, 99% used [0x00000000e7e80000,0x00000000e8c67d60,0x00000000e8c80000)
  to   space 15872K, 0% used [0x00000000eab00000,0x00000000eab00000,0x00000000eba80000)
 ParOldGen       total 96256K, used 24310K [0x00000000a0000000, 0x00000000a5e00000, 0x00000000e0000000)
  object space 96256K, 25% used [0x00000000a0000000,0x00000000a17bdb98,0x00000000a5e00000)
 Metaspace       used 57139K, capacity 59078K, committed 59096K, reserved 1099776K
  class space    used 7920K, capacity 8398K, committed 8408K, reserved 1048576K
Event: 15.133 GC heap after
Heap after GC invocations=14 (full 2):
 PSYoungGen      total 174592K, used 11126K [0x00000000e0000000, 0x00000000ec380000, 0x0000000100000000)
  eden space 158720K, 0% used [0x00000000e0000000,0x00000000e0000000,0x00000000e9b00000)
  from space 15872K, 70% used [0x00000000eab00000,0x00000000eb5dd920,0x00000000eba80000)
  to   space 16384K, 0% used [0x00000000e9b00000,0x00000000e9b00000,0x00000000eab00000)
 ParOldGen       total 96256K, used 24318K [0x00000000a0000000, 0x00000000a5e00000, 0x00000000e0000000)
  object space 96256K, 25% used [0x00000000a0000000,0x00000000a17bfb98,0x00000000a5e00000)
 Metaspace       used 57139K, capacity 59078K, committed 59096K, reserved 1099776K
  class space    used 7920K, capacity 8398K, committed 8408K, reserved 1048576K
}
Event: 15.133 GC heap before
{Heap before GC invocations=15 (full 3):
 PSYoungGen      total 174592K, used 11126K [0x00000000e0000000, 0x00000000ec380000, 0x0000000100000000)
  eden space 158720K, 0% used [0x00000000e0000000,0x00000000e0000000,0x00000000e9b00000)
  from space 15872K, 70% used [0x00000000eab00000,0x00000000eb5dd920,0x00000000eba80000)
  to   space 16384K, 0% used [0x00000000e9b00000,0x00000000e9b00000,0x00000000eab00000)
 ParOldGen       total 96256K, used 24318K [0x00000000a0000000, 0x00000000a5e00000, 0x00000000e0000000)
  object space 96256K, 25% used [0x00000000a0000000,0x00000000a17bfb98,0x00000000a5e00000)
 Metaspace       used 57139K, capacity 59078K, committed 59096K, reserved 1099776K
  class space    used 7920K, capacity 8398K, committed 8408K, reserved 1048576K
Event: 15.469 GC heap after
Heap after GC invocations=15 (full 3):
 PSYoungGen      total 174592K, used 0K [0x00000000e0000000, 0x00000000ec380000, 0x0000000100000000)
  eden space 158720K, 0% used [0x00000000e0000000,0x00000000e0000000,0x00000000e9b00000)
  from space 15872K, 0% used [0x00000000eab00000,0x00000000eab00000,0x00000000eba80000)
  to   space 16384K, 0% used [0x00000000e9b00000,0x00000000e9b00000,0x00000000eab00000)
 ParOldGen       total 142336K, used 30810K [0x00000000a0000000, 0x00000000a8b00000, 0x00000000e0000000)
  object space 142336K, 21% used [0x00000000a0000000,0x00000000a1e16920,0x00000000a8b00000)
 Metaspace       used 57048K, capacity 58844K, committed 59096K, reserved 1099776K
  class space    used 7891K, capacity 8347K, committed 8408K, reserved 1048576K
}
Event: 18.639 GC heap before
{Heap before GC invocations=16 (full 3):
 PSYoungGen      total 174592K, used 158720K [0x00000000e0000000, 0x00000000ec380000, 0x0000000100000000)
  eden space 158720K, 100% used [0x00000000e0000000,0x00000000e9b00000,0x00000000e9b00000)
  from space 15872K, 0% used [0x00000000eab00000,0x00000000eab00000,0x00000000eba80000)
  to   space 16384K, 0% used [0x00000000e9b00000,0x00000000e9b00000,0x00000000eab00000)
 ParOldGen       total 142336K, used 30810K [0x00000000a0000000, 0x00000000a8b00000, 0x00000000e0000000)
  object space 142336K, 21% used [0x00000000a0000000,0x00000000a1e16920,0x00000000a8b00000)
 Metaspace       used 62267K, capacity 64574K, committed 64728K, reserved 1105920K
  class space    used 8578K, capacity 9096K, committed 9176K, reserved 1048576K
Event: 18.662 GC heap after
Heap after GC invocations=16 (full 3):
 PSYoungGen      total 175104K, used 11417K [0x00000000e0000000, 0x00000000ed780000, 0x0000000100000000)
  eden space 158720K, 0% used [0x00000000e0000000,0x00000000e0000000,0x00000000e9b00000)
  from space 16384K, 69% used [0x00000000e9b00000,0x00000000ea626620,0x00000000eab00000)
  to   space 16384K, 0% used [0x00000000ec780000,0x00000000ec780000,0x00000000ed780000)
 ParOldGen       total 142336K, used 30818K [0x00000000a0000000, 0x00000000a8b00000, 0x00000000e0000000)
  object space 142336K, 21% used [0x00000000a0000000,0x00000000a1e18920,0x00000000a8b00000)
 Metaspace       used 62267K, capacity 64574K, committed 64728K, reserved 1105920K
  class space    used 8578K, capacity 9096K, committed 9176K, reserved 1048576K
}
Event: 24.191 GC heap before
{Heap before GC invocations=17 (full 3):
 PSYoungGen      total 175104K, used 170137K [0x00000000e0000000, 0x00000000ed780000, 0x0000000100000000)
  eden space 158720K, 100% used [0x00000000e0000000,0x00000000e9b00000,0x00000000e9b00000)
  from space 16384K, 69% used [0x00000000e9b00000,0x00000000ea626620,0x00000000eab00000)
  to   space 16384K, 0% used [0x00000000ec780000,0x00000000ec780000,0x00000000ed780000)
 ParOldGen       total 142336K, used 30818K [0x00000000a0000000, 0x00000000a8b00000, 0x00000000e0000000)
  object space 142336K, 21% used [0x00000000a0000000,0x00000000a1e18920,0x00000000a8b00000)
 Metaspace       used 75876K, capacity 79098K, committed 79448K, reserved 1118208K
  class space    used 10377K, capacity 11016K, committed 11096K, reserved 1048576K
Event: 24.243 GC heap after
Heap after GC invocations=17 (full 3):
 PSYoungGen      total 198144K, used 16382K [0x00000000e0000000, 0x00000000ee200000, 0x0000000100000000)
  eden space 181760K, 0% used [0x00000000e0000000,0x00000000e0000000,0x00000000eb180000)
  from space 16384K, 99% used [0x00000000ec780000,0x00000000ed77f950,0x00000000ed780000)
  to   space 22528K, 0% used [0x00000000eb180000,0x00000000eb180000,0x00000000ec780000)
 ParOldGen       total 142336K, used 41794K [0x00000000a0000000, 0x00000000a8b00000, 0x00000000e0000000)
  object space 142336K, 29% used [0x00000000a0000000,0x00000000a28d0968,0x00000000a8b00000)
 Metaspace       used 75876K, capacity 79098K, committed 79448K, reserved 1118208K
  class space    used 10377K, capacity 11016K, committed 11096K, reserved 1048576K
}

