# JRE version: OpenJDK Runtime Environment (8.0_212-b04) (build 1.8.0_212-release-1586-b04)
# Java VM: OpenJDK 64-Bit Server VM (25.212-b04 mixed mode windows-amd64 compressed oops)
Heap:
 PSYoungGen      total 472064K, used 28318K [0x00000000e0000000, 0x0000000100000000, 0x0000000100000000)
  eden space 439296K, 6% used [0x00000000e0000000,0x00000000e1ba7bc8,0x00000000fad00000)
  from space 32768K, 0% used [0x00000000fe000000,0x00000000fe000000,0x0000000100000000)
  to   space 42496K, 0% used [0x00000000fad00000,0x00000000fad00000,0x00000000fd680000)
 ParOldGen       total 166400K, used 59506K [0x00000000a0000000, 0x00000000aa280000, 0x00000000e0000000)
  object space 166400K, 35% used [0x00000000a0000000,0x00000000a3a1c840,0x00000000aa280000)
 Metaspace       used 93943K, capacity 97972K, committed 99968K, reserved 1136640K
  class space    used 12316K, capacity 13174K, committed 13696K, reserved 1048576K
GC Heap History (10 events):
Event: 8.440 GC heap before
{Heap before GC invocations=12 (full 3):
 PSYoungGen      total 470016K, used 18520K [0x00000000e0000000, 0x0000000100000000, 0x0000000100000000)
  eden space 446464K, 0% used [0x00000000e0000000,0x00000000e0000000,0x00000000fb400000)
  from space 23552K, 78% used [0x00000000fb400000,0x00000000fc616260,0x00000000fcb00000)
  to   space 25088K, 0% used [0x00000000fe780000,0x00000000fe780000,0x0000000100000000)
 ParOldGen       total 77312K, used 26303K [0x00000000a0000000, 0x00000000a4b80000, 0x00000000e0000000)
  object space 77312K, 34% used [0x00000000a0000000,0x00000000a19afc70,0x00000000a4b80000)
 Metaspace       used 56947K, capacity 58894K, committed 59136K, reserved 1099776K
  class space    used 7701K, capacity 8174K, committed 8192K, reserved 1048576K
Event: 8.609 GC heap after
Heap after GC invocations=12 (full 3):
 PSYoungGen      total 470016K, used 0K [0x00000000e0000000, 0x0000000100000000, 0x0000000100000000)
  eden space 446464K, 0% used [0x00000000e0000000,0x00000000e0000000,0x00000000fb400000)
  from space 23552K, 0% used [0x00000000fb400000,0x00000000fb400000,0x00000000fcb00000)
  to   space 25088K, 0% used [0x00000000fe780000,0x00000000fe780000,0x0000000100000000)
 ParOldGen       total 116224K, used 31629K [0x00000000a0000000, 0x00000000a7180000, 0x00000000e0000000)
  object space 116224K, 27% used [0x00000000a0000000,0x00000000a1ee3598,0x00000000a7180000)
 Metaspace       used 56914K, capacity 58780K, committed 59136K, reserved 1099776K
  class space    used 7690K, capacity 8155K, committed 8192K, reserved 1048576K
}
Event: 1020.525 GC heap before
{Heap before GC invocations=13 (full 3):
 PSYoungGen      total 470016K, used 446464K [0x00000000e0000000, 0x0000000100000000, 0x0000000100000000)
  eden space 446464K, 100% used [0x00000000e0000000,0x00000000fb400000,0x00000000fb400000)
  from space 23552K, 0% used [0x00000000fb400000,0x00000000fb400000,0x00000000fcb00000)
  to   space 25088K, 0% used [0x00000000fe780000,0x00000000fe780000,0x0000000100000000)
 ParOldGen       total 116224K, used 31629K [0x00000000a0000000, 0x00000000a7180000, 0x00000000e0000000)
  object space 116224K, 27% used [0x00000000a0000000,0x00000000a1ee3598,0x00000000a7180000)
 Metaspace       used 74960K, capacity 78874K, committed 79232K, reserved 1118208K
  class space    used 10029K, capacity 10815K, committed 10880K, reserved 1048576K
Event: 1020.574 GC heap after
Heap after GC invocations=13 (full 3):
 PSYoungGen      total 483840K, used 25063K [0x00000000e0000000, 0x0000000100000000, 0x0000000100000000)
  eden space 458752K, 0% used [0x00000000e0000000,0x00000000e0000000,0x00000000fc000000)
  from space 25088K, 99% used [0x00000000fe780000,0x00000000ffff9d70,0x0000000100000000)
  to   space 32768K, 0% used [0x00000000fc000000,0x00000000fc000000,0x00000000fe000000)
 ParOldGen       total 116224K, used 42037K [0x00000000a0000000, 0x00000000a7180000, 0x00000000e0000000)
  object space 116224K, 36% used [0x00000000a0000000,0x00000000a290d770,0x00000000a7180000)
 Metaspace       used 74960K, capacity 78874K, committed 79232K, reserved 1118208K
  class space    used 10029K, capacity 10815K, committed 10880K, reserved 1048576K
}
Event: 1030.689 GC heap before
{Heap before GC invocations=14 (full 3):
 PSYoungGen      total 483840K, used 479414K [0x00000000e0000000, 0x0000000100000000, 0x0000000100000000)
  eden space 458752K, 99% used [0x00000000e0000000,0x00000000fbbb3bd0,0x00000000fc000000)
  from space 25088K, 99% used [0x00000000fe780000,0x00000000ffff9d70,0x0000000100000000)
  to   space 32768K, 0% used [0x00000000fc000000,0x00000000fc000000,0x00000000fe000000)
 ParOldGen       total 116224K, used 42037K [0x00000000a0000000, 0x00000000a7180000, 0x00000000e0000000)
  object space 116224K, 36% used [0x00000000a0000000,0x00000000a290d770,0x00000000a7180000)
 Metaspace       used 93337K, capacity 98490K, committed 98688K, reserved 1134592K
  class space    used 12420K, capacity 13453K, committed 13568K, reserved 1048576K
Event: 1030.746 GC heap after
Heap after GC invocations=14 (full 3):
 PSYoungGen      total 491520K, used 32760K [0x00000000e0000000, 0x0000000100000000, 0x0000000100000000)
  eden space 458752K, 0% used [0x00000000e0000000,0x00000000e0000000,0x00000000fc000000)
  from space 32768K, 99% used [0x00000000fc000000,0x00000000fdffe318,0x00000000fe000000)
  to   space 32768K, 0% used [0x00000000fe000000,0x00000000fe000000,0x0000000100000000)
 ParOldGen       total 116224K, used 59127K [0x00000000a0000000, 0x00000000a7180000, 0x00000000e0000000)
  object space 116224K, 50% used [0x00000000a0000000,0x00000000a39bdd10,0x00000000a7180000)
 Metaspace       used 93337K, capacity 98490K, committed 98688K, reserved 1134592K
  class space    used 12420K, capacity 13453K, committed 13568K, reserved 1048576K
}
Event: 1030.789 GC heap before
{Heap before GC invocations=15 (full 3):
 PSYoungGen      total 491520K, used 43667K [0x00000000e0000000, 0x0000000100000000, 0x0000000100000000)
  eden space 458752K, 2% used [0x00000000e0000000,0x00000000e0aa6928,0x00000000fc000000)
  from space 32768K, 99% used [0x00000000fc000000,0x00000000fdffe318,0x00000000fe000000)
  to   space 32768K, 0% used [0x00000000fe000000,0x00000000fe000000,0x0000000100000000)
 ParOldGen       total 116224K, used 59127K [0x00000000a0000000, 0x00000000a7180000, 0x00000000e0000000)
  object space 116224K, 50% used [0x00000000a0000000,0x00000000a39bdd10,0x00000000a7180000)
 Metaspace       used 93684K, capacity 98778K, committed 98892K, reserved 1134592K
  class space    used 12453K, capacity 13459K, committed 13568K, reserved 1048576K
Event: 1030.808 GC heap after
Heap after GC invocations=15 (full 3):
 PSYoungGen      total 472064K, used 12736K [0x00000000e0000000, 0x0000000100000000, 0x0000000100000000)
  eden space 439296K, 0% used [0x00000000e0000000,0x00000000e0000000,0x00000000fad00000)
  from space 32768K, 38% used [0x00000000fe000000,0x00000000fec703e8,0x0000000100000000)
  to   space 42496K, 0% used [0x00000000fad00000,0x00000000fad00000,0x00000000fd680000)
 ParOldGen       total 116224K, used 79427K [0x00000000a0000000, 0x00000000a7180000, 0x00000000e0000000)
  object space 116224K, 68% used [0x00000000a0000000,0x00000000a4d90ff8,0x00000000a7180000)
 Metaspace       used 93684K, capacity 98778K, committed 98892K, reserved 1134592K
  class space    used 12453K, capacity 13459K, committed 13568K, reserved 1048576K
}
Event: 1030.808 GC heap before
{Heap before GC invocations=16 (full 4):
 PSYoungGen      total 472064K, used 12736K [0x00000000e0000000, 0x0000000100000000, 0x0000000100000000)
  eden space 439296K, 0% used [0x00000000e0000000,0x00000000e0000000,0x00000000fad00000)
  from space 32768K, 38% used [0x00000000fe000000,0x00000000fec703e8,0x0000000100000000)
  to   space 42496K, 0% used [0x00000000fad00000,0x00000000fad00000,0x00000000fd680000)
 ParOldGen       total 116224K, used 79427K [0x00000000a0000000, 0x00000000a7180000, 0x00000000e0000000)
  object space 116224K, 68% used [0x00000000a0000000,0x00000000a4d90ff8,0x00000000a7180000)
 Metaspace       used 93684K, capacity 98778K, committed 98892K, reserved 1134592K
  class space    used 12453K, capacity 13459K, committed 13568K, reserved 1048576K
Event: 1031.172 GC heap after
Heap after GC invocations=16 (full 4):
 PSYoungGen      total 472064K, used 0K [0x00000000e0000000, 0x0000000100000000, 0x0000000100000000)
  eden space 439296K, 0% used [0x00000000e0000000,0x00000000e0000000,0x00000000fad00000)
  from space 32768K, 0% used [0x00000000fe000000,0x00000000fe000000,0x0000000100000000)
  to   space 42496K, 0% used [0x00000000fad00000,0x00000000fad00000,0x00000000fd680000)
 ParOldGen       total 166400K, used 59506K [0x00000000a0000000, 0x00000000aa280000, 0x00000000e0000000)
  object space 166400K, 35% used [0x00000000a0000000,0x00000000a3a1c840,0x00000000aa280000)
 Metaspace       used 92868K, capacity 96524K, committed 98892K, reserved 1134592K
  class space    used 12177K, capacity 12972K, committed 13568K, reserved 1048576K
}

